<?xml version="1.0" encoding="UTF-8"?>
<testng-results skipped="0" failed="1" total="5" passed="4">
  <reporter-output>
  </reporter-output>
  <suite name="phoenix_app_1" duration-ms="98399" started-at="2018-03-19T07:38:42Z" finished-at="2018-03-19T07:40:21Z">
    <groups>
    </groups>
    <test name="registerTest" duration-ms="98399" started-at="2018-03-19T07:38:42Z" finished-at="2018-03-19T07:40:21Z">
      <class name="com.lemon.app.WechatLoginCase">
        <test-method status="PASS" signature="setUp(java.lang.String, java.lang.String, java.lang.String, java.lang.String)[pri:0, instance:com.lemon.app.WechatLoginCase@59a6e353]" name="setUp" is-config="true" duration-ms="7096" started-at="2018-03-19T15:38:35Z" finished-at="2018-03-19T15:38:42Z">
          <params>
            <param index="0">
              <value>
                <![CDATA[127.0.0.1:62001]]>
              </value>
            </param>
            <param index="1">
              <value>
                <![CDATA[com.tencent.mm]]>
              </value>
            </param>
            <param index="2">
              <value>
                <![CDATA[com.tencent.mm.ui.LauncherUI]]>
              </value>
            </param>
            <param index="3">
              <value>
                <![CDATA[http://127.0.0.1:4723/wd/hub]]>
              </value>
            </param>
          </params>
          <reporter-output>
          </reporter-output>
        </test-method> <!-- setUp -->
        <test-method status="FAIL" signature="test(java.lang.String, java.lang.String, java.lang.String, java.lang.String, java.lang.String)[pri:0, instance:com.lemon.app.WechatLoginCase@59a6e353]" name="test" duration-ms="28200" started-at="2018-03-19T15:38:43Z" data-provider="datas1" finished-at="2018-03-19T15:39:11Z">
          <params>
            <param index="0">
              <value>
                <![CDATA[aa]]>
              </value>
            </param>
            <param index="1">
              <value>
                <![CDATA[188]]>
              </value>
            </param>
            <param index="2">
              <value>
                <![CDATA[njhg11]]>
              </value>
            </param>
            <param index="3">
              <value>
                <![CDATA[手机号码错误]]>
              </value>
            </param>
            <param index="4">
              <value>
                <![CDATA[你输入的是一个无效的手机号码]]>
              </value>
            </param>
          </params>
          <exception class="java.lang.AssertionError">
            <message>
              <![CDATA[expected [手机号码错误] but found [注册失败]]]>
            </message>
            <full-stacktrace>
              <![CDATA[java.lang.AssertionError: expected [手机号码错误] but found [注册失败]
	at org.testng.Assert.fail(Assert.java:94)
	at org.testng.Assert.failNotEquals(Assert.java:494)
	at org.testng.Assert.assertEquals(Assert.java:123)
	at org.testng.Assert.assertEquals(Assert.java:176)
	at org.testng.Assert.assertEquals(Assert.java:186)
	at com.lemon.app.WechatLoginCase.test(WechatLoginCase.java:25)
	at sun.reflect.NativeMethodAccessorImpl.invoke0(Native Method)
	at sun.reflect.NativeMethodAccessorImpl.invoke(NativeMethodAccessorImpl.java:62)
	at sun.reflect.DelegatingMethodAccessorImpl.invoke(DelegatingMethodAccessorImpl.java:43)
	at java.lang.reflect.Method.invoke(Method.java:498)
	at org.testng.internal.MethodInvocationHelper.invokeMethod(MethodInvocationHelper.java:84)
	at org.testng.internal.Invoker.invokeMethod(Invoker.java:714)
	at org.testng.internal.Invoker.invokeTestMethod(Invoker.java:901)
	at org.testng.internal.Invoker.invokeTestMethods(Invoker.java:1231)
	at org.testng.internal.TestMethodWorker.invokeTestMethods(TestMethodWorker.java:127)
	at org.testng.internal.TestMethodWorker.run(TestMethodWorker.java:111)
	at org.testng.TestRunner.privateRun(TestRunner.java:767)
	at org.testng.TestRunner.run(TestRunner.java:617)
	at org.testng.SuiteRunner.runTest(SuiteRunner.java:348)
	at org.testng.SuiteRunner.runSequentially(SuiteRunner.java:343)
	at org.testng.SuiteRunner.privateRun(SuiteRunner.java:305)
	at org.testng.SuiteRunner.run(SuiteRunner.java:254)
	at org.testng.SuiteRunnerWorker.runSuite(SuiteRunnerWorker.java:52)
	at org.testng.SuiteRunnerWorker.run(SuiteRunnerWorker.java:86)
	at org.testng.TestNG.runSuitesSequentially(TestNG.java:1224)
	at org.testng.TestNG.runSuitesLocally(TestNG.java:1149)
	at org.testng.TestNG.run(TestNG.java:1057)
	at org.testng.remote.RemoteTestNG.run(RemoteTestNG.java:111)
	at org.testng.remote.RemoteTestNG.initAndRun(RemoteTestNG.java:204)
	at org.testng.remote.RemoteTestNG.main(RemoteTestNG.java:175)
]]>
            </full-stacktrace>
          </exception> <!-- java.lang.AssertionError -->
          <reporter-output>
          </reporter-output>
        </test-method> <!-- test -->
        <test-method status="PASS" signature="test(java.lang.String, java.lang.String, java.lang.String, java.lang.String, java.lang.String)[pri:0, instance:com.lemon.app.WechatLoginCase@59a6e353]" name="test" duration-ms="31583" started-at="2018-03-19T15:39:11Z" data-provider="datas1" finished-at="2018-03-19T15:39:43Z">
          <params>
            <param index="0">
              <value>
                <![CDATA[aa]]>
              </value>
            </param>
            <param index="1">
              <value>
                <![CDATA[18583103456]]>
              </value>
            </param>
            <param index="2">
              <value>
                <![CDATA[111]]>
              </value>
            </param>
            <param index="3">
              <value>
                <![CDATA[注册失败]]>
              </value>
            </param>
            <param index="4">
              <value>
                <![CDATA[密码必须是8-16位的数字、字符组合（不能是纯数字）]]>
              </value>
            </param>
          </params>
          <reporter-output>
          </reporter-output>
        </test-method> <!-- test -->
        <test-method status="PASS" signature="test2(java.lang.String, java.lang.String, java.lang.String)[pri:0, instance:com.lemon.app.WechatLoginCase@59a6e353]" name="test2" duration-ms="7214" started-at="2018-03-19T15:39:43Z" data-provider="datas2" finished-at="2018-03-19T15:39:50Z">
          <params>
            <param index="0">
              <value>
                <![CDATA[]]>
              </value>
            </param>
            <param index="1">
              <value>
                <![CDATA[]]>
              </value>
            </param>
            <param index="2">
              <value>
                <![CDATA[]]>
              </value>
            </param>
          </params>
          <reporter-output>
          </reporter-output>
        </test-method> <!-- test2 -->
        <test-method status="PASS" signature="test2(java.lang.String, java.lang.String, java.lang.String)[pri:0, instance:com.lemon.app.WechatLoginCase@59a6e353]" name="test2" duration-ms="12532" started-at="2018-03-19T15:39:50Z" data-provider="datas2" finished-at="2018-03-19T15:40:03Z">
          <params>
            <param index="0">
              <value>
                <![CDATA[qq]]>
              </value>
            </param>
            <param index="1">
              <value>
                <![CDATA[]]>
              </value>
            </param>
            <param index="2">
              <value>
                <![CDATA[]]>
              </value>
            </param>
          </params>
          <reporter-output>
          </reporter-output>
        </test-method> <!-- test2 -->
        <test-method status="PASS" signature="test2(java.lang.String, java.lang.String, java.lang.String)[pri:0, instance:com.lemon.app.WechatLoginCase@59a6e353]" name="test2" duration-ms="18209" started-at="2018-03-19T15:40:03Z" data-provider="datas2" finished-at="2018-03-19T15:40:21Z">
          <params>
            <param index="0">
              <value>
                <![CDATA[qq]]>
              </value>
            </param>
            <param index="1">
              <value>
                <![CDATA[18813984521]]>
              </value>
            </param>
            <param index="2">
              <value>
                <![CDATA[]]>
              </value>
            </param>
          </params>
          <reporter-output>
          </reporter-output>
        </test-method> <!-- test2 -->
        <test-method status="PASS" signature="tearDown()[pri:0, instance:com.lemon.app.WechatLoginCase@59a6e353]" name="tearDown" is-config="true" duration-ms="827" started-at="2018-03-19T15:40:21Z" finished-at="2018-03-19T15:40:22Z">
          <reporter-output>
          </reporter-output>
        </test-method> <!-- tearDown -->
      </class> <!-- com.lemon.app.WechatLoginCase -->
    </test> <!-- registerTest -->
  </suite> <!-- phoenix_app_1 -->
</testng-results>
